<?xml version="1.0" encoding="UTF-8"?>
<robot generator="Robot 4.1.3 (Python 3.10.2 on win32)" generated="20220409 17:01:11.633" rpa="false" schemaversion="2">
<suite id="s1" name="Signup" source="D:\HaVietCuong_practice2_robot\testsuites\signup.robot">
<test id="s1-t1" name="Register successfully">
<kw name="Open browser to register" library="keywords" type="SETUP">
<kw name="Open Browser" library="SeleniumLibrary">
<arg>${url_signup}</arg>
<arg>${browser}</arg>
<doc>Opens a new browser instance to the optional ``url``.</doc>
<msg timestamp="20220409 17:01:11.824" level="INFO">Opening browser 'chrome' to base url 'https://www.phptravels.net/signup'.</msg>
<status status="PASS" starttime="20220409 17:01:11.823" endtime="20220409 17:01:14.178"/>
</kw>
<kw name="Maximize Browser Window" library="SeleniumLibrary">
<doc>Maximizes current browser window.</doc>
<status status="PASS" starttime="20220409 17:01:14.178" endtime="20220409 17:01:14.297"/>
</kw>
<status status="PASS" starttime="20220409 17:01:11.823" endtime="20220409 17:01:14.298"/>
</kw>
<kw name="Input first name" library="keywords">
<arg>Cuong</arg>
<kw name="Input Text" library="SeleniumLibrary">
<arg>${txt_firstName}</arg>
<arg>${firstName}</arg>
<doc>Types the given ``text`` into the text field identified by ``locator``.</doc>
<msg timestamp="20220409 17:01:14.299" level="INFO">Typing text 'Cuong' into text field 'name:first_name'.</msg>
<status status="PASS" starttime="20220409 17:01:14.299" endtime="20220409 17:01:14.441"/>
</kw>
<status status="PASS" starttime="20220409 17:01:14.298" endtime="20220409 17:01:14.442"/>
</kw>
<kw name="Input last name" library="keywords">
<arg>Ha</arg>
<kw name="Input Text" library="SeleniumLibrary">
<arg>${txt_lastName}</arg>
<arg>${lastName}</arg>
<doc>Types the given ``text`` into the text field identified by ``locator``.</doc>
<msg timestamp="20220409 17:01:14.443" level="INFO">Typing text 'Ha' into text field 'name:last_name'.</msg>
<status status="PASS" starttime="20220409 17:01:14.443" endtime="20220409 17:01:14.535"/>
</kw>
<status status="PASS" starttime="20220409 17:01:14.442" endtime="20220409 17:01:14.536"/>
</kw>
<kw name="Input phone number" library="keywords">
<arg>0123456789</arg>
<kw name="Input Text" library="SeleniumLibrary">
<arg>${txt_phone}</arg>
<arg>${phone}</arg>
<doc>Types the given ``text`` into the text field identified by ``locator``.</doc>
<msg timestamp="20220409 17:01:14.537" level="INFO">Typing text '0123456789' into text field 'name:phone'.</msg>
<status status="PASS" starttime="20220409 17:01:14.537" endtime="20220409 17:01:14.634"/>
</kw>
<status status="PASS" starttime="20220409 17:01:14.536" endtime="20220409 17:01:14.634"/>
</kw>
<kw name="Input email" library="keywords">
<arg>txt123@gmail.com</arg>
<kw name="Input Text" library="SeleniumLibrary">
<arg>${txt_email}</arg>
<arg>${email}</arg>
<doc>Types the given ``text`` into the text field identified by ``locator``.</doc>
<msg timestamp="20220409 17:01:14.635" level="INFO">Typing text 'txt123@gmail.com' into text field 'name:email'.</msg>
<status status="PASS" starttime="20220409 17:01:14.635" endtime="20220409 17:01:14.748"/>
</kw>
<status status="PASS" starttime="20220409 17:01:14.634" endtime="20220409 17:01:14.749"/>
</kw>
<kw name="Input password" library="keywords">
<arg>12345</arg>
<kw name="Input Text" library="SeleniumLibrary">
<arg>${txt_password}</arg>
<arg>${pwd}</arg>
<doc>Types the given ``text`` into the text field identified by ``locator``.</doc>
<msg timestamp="20220409 17:01:14.750" level="INFO">Typing text '12345' into text field 'name:password'.</msg>
<status status="PASS" starttime="20220409 17:01:14.750" endtime="20220409 17:01:14.982"/>
</kw>
<status status="PASS" starttime="20220409 17:01:14.749" endtime="20220409 17:01:14.982"/>
</kw>
<kw name="Select account type" library="keywords">
<arg>Supplier</arg>
<kw name="Select From List By Label" library="SeleniumLibrary">
<arg>${sel_type}</arg>
<arg>${accType}</arg>
<doc>Selects options from selection list ``locator`` by ``labels``.</doc>
<msg timestamp="20220409 17:01:14.984" level="INFO">Selecting options from selection list 'id:account_type' by label Supplier.</msg>
<status status="PASS" starttime="20220409 17:01:14.983" endtime="20220409 17:01:15.047"/>
</kw>
<status status="PASS" starttime="20220409 17:01:14.983" endtime="20220409 17:01:15.047"/>
</kw>
<kw name="Click sign up button" library="keywords">
<kw name="Click Element" library="SeleniumLibrary">
<arg>${btn_signupButton}</arg>
<doc>Click the element identified by ``locator``.</doc>
<msg timestamp="20220409 17:01:15.049" level="INFO">Clicking element 'xpath://body/div[1]/div[1]/div[2]/div[2]/div[1]/form[1]/div[7]/button[1]'.</msg>
<status status="PASS" starttime="20220409 17:01:15.048" endtime="20220409 17:01:17.451"/>
</kw>
<status status="PASS" starttime="20220409 17:01:15.048" endtime="20220409 17:01:17.451"/>
</kw>
<kw name="Sign up successfully msg" library="keywords">
<kw name="Wait Until Page Contains" library="SeleniumLibrary">
<arg>Signup successfull please login.</arg>
<doc>Waits until ``text`` appears on the current page.</doc>
<status status="PASS" starttime="20220409 17:01:17.452" endtime="20220409 17:01:17.466"/>
</kw>
<status status="PASS" starttime="20220409 17:01:17.452" endtime="20220409 17:01:17.466"/>
</kw>
<kw name="Close All Browsers" library="SeleniumLibrary" type="TEARDOWN">
<doc>Closes all open browsers and resets the browser cache.</doc>
<status status="PASS" starttime="20220409 17:01:17.467" endtime="20220409 17:01:19.674"/>
</kw>
<tag>Smoke</tag>
<status status="PASS" starttime="20220409 17:01:11.823" endtime="20220409 17:01:19.675"/>
</test>
<test id="s1-t2" name="Register faield wehn email is existed">
<kw name="Open browser to register" library="keywords" type="SETUP">
<kw name="Open Browser" library="SeleniumLibrary">
<arg>${url_signup}</arg>
<arg>${browser}</arg>
<doc>Opens a new browser instance to the optional ``url``.</doc>
<msg timestamp="20220409 17:01:19.678" level="INFO">Opening browser 'chrome' to base url 'https://www.phptravels.net/signup'.</msg>
<status status="PASS" starttime="20220409 17:01:19.678" endtime="20220409 17:01:22.458"/>
</kw>
<kw name="Maximize Browser Window" library="SeleniumLibrary">
<doc>Maximizes current browser window.</doc>
<status status="PASS" starttime="20220409 17:01:22.459" endtime="20220409 17:01:22.590"/>
</kw>
<status status="PASS" starttime="20220409 17:01:19.677" endtime="20220409 17:01:22.590"/>
</kw>
<kw name="Input first name" library="keywords">
<arg>Cuong</arg>
<kw name="Input Text" library="SeleniumLibrary">
<arg>${txt_firstName}</arg>
<arg>${firstName}</arg>
<doc>Types the given ``text`` into the text field identified by ``locator``.</doc>
<msg timestamp="20220409 17:01:22.593" level="INFO">Typing text 'Cuong' into text field 'name:first_name'.</msg>
<status status="PASS" starttime="20220409 17:01:22.592" endtime="20220409 17:01:22.694"/>
</kw>
<status status="PASS" starttime="20220409 17:01:22.591" endtime="20220409 17:01:22.694"/>
</kw>
<kw name="Input last name" library="keywords">
<arg>Ha</arg>
<kw name="Input Text" library="SeleniumLibrary">
<arg>${txt_lastName}</arg>
<arg>${lastName}</arg>
<doc>Types the given ``text`` into the text field identified by ``locator``.</doc>
<msg timestamp="20220409 17:01:22.696" level="INFO">Typing text 'Ha' into text field 'name:last_name'.</msg>
<status status="PASS" starttime="20220409 17:01:22.695" endtime="20220409 17:01:22.785"/>
</kw>
<status status="PASS" starttime="20220409 17:01:22.695" endtime="20220409 17:01:22.785"/>
</kw>
<kw name="Input phone number" library="keywords">
<arg>0123456789</arg>
<kw name="Input Text" library="SeleniumLibrary">
<arg>${txt_phone}</arg>
<arg>${phone}</arg>
<doc>Types the given ``text`` into the text field identified by ``locator``.</doc>
<msg timestamp="20220409 17:01:22.786" level="INFO">Typing text '0123456789' into text field 'name:phone'.</msg>
<status status="PASS" starttime="20220409 17:01:22.786" endtime="20220409 17:01:22.883"/>
</kw>
<status status="PASS" starttime="20220409 17:01:22.785" endtime="20220409 17:01:22.884"/>
</kw>
<kw name="Input email" library="keywords">
<arg>txt123@gmail.com</arg>
<kw name="Input Text" library="SeleniumLibrary">
<arg>${txt_email}</arg>
<arg>${email}</arg>
<doc>Types the given ``text`` into the text field identified by ``locator``.</doc>
<msg timestamp="20220409 17:01:22.885" level="INFO">Typing text 'txt123@gmail.com' into text field 'name:email'.</msg>
<status status="PASS" starttime="20220409 17:01:22.885" endtime="20220409 17:01:22.981"/>
</kw>
<status status="PASS" starttime="20220409 17:01:22.884" endtime="20220409 17:01:22.981"/>
</kw>
<kw name="Input password" library="keywords">
<arg>12345</arg>
<kw name="Input Text" library="SeleniumLibrary">
<arg>${txt_password}</arg>
<arg>${pwd}</arg>
<doc>Types the given ``text`` into the text field identified by ``locator``.</doc>
<msg timestamp="20220409 17:01:22.984" level="INFO">Typing text '12345' into text field 'name:password'.</msg>
<status status="PASS" starttime="20220409 17:01:22.983" endtime="20220409 17:01:23.191"/>
</kw>
<status status="PASS" starttime="20220409 17:01:22.983" endtime="20220409 17:01:23.191"/>
</kw>
<kw name="Select account type" library="keywords">
<arg>Supplier</arg>
<kw name="Select From List By Label" library="SeleniumLibrary">
<arg>${sel_type}</arg>
<arg>${accType}</arg>
<doc>Selects options from selection list ``locator`` by ``labels``.</doc>
<msg timestamp="20220409 17:01:23.192" level="INFO">Selecting options from selection list 'id:account_type' by label Supplier.</msg>
<status status="PASS" starttime="20220409 17:01:23.192" endtime="20220409 17:01:23.255"/>
</kw>
<status status="PASS" starttime="20220409 17:01:23.191" endtime="20220409 17:01:23.255"/>
</kw>
<kw name="Click sign up button" library="keywords">
<kw name="Click Element" library="SeleniumLibrary">
<arg>${btn_signupButton}</arg>
<doc>Click the element identified by ``locator``.</doc>
<msg timestamp="20220409 17:01:23.256" level="INFO">Clicking element 'xpath://body/div[1]/div[1]/div[2]/div[2]/div[1]/form[1]/div[7]/button[1]'.</msg>
<status status="PASS" starttime="20220409 17:01:23.256" endtime="20220409 17:01:25.521"/>
</kw>
<status status="PASS" starttime="20220409 17:01:23.255" endtime="20220409 17:01:25.521"/>
</kw>
<kw name="Sign up failed msg" library="keywords">
<kw name="Wait Until Page Contains" library="SeleniumLibrary">
<arg>Email already exist!</arg>
<doc>Waits until ``text`` appears on the current page.</doc>
<status status="PASS" starttime="20220409 17:01:25.522" endtime="20220409 17:01:25.536"/>
</kw>
<status status="PASS" starttime="20220409 17:01:25.522" endtime="20220409 17:01:25.536"/>
</kw>
<kw name="Close All Browsers" library="SeleniumLibrary" type="TEARDOWN">
<doc>Closes all open browsers and resets the browser cache.</doc>
<status status="PASS" starttime="20220409 17:01:25.536" endtime="20220409 17:01:27.753"/>
</kw>
<tag>Smoke</tag>
<status status="PASS" starttime="20220409 17:01:19.677" endtime="20220409 17:01:27.753"/>
</test>
<status status="PASS" starttime="20220409 17:01:11.634" endtime="20220409 17:01:27.755"/>
</suite>
<statistics>
<total>
<stat pass="2" fail="0" skip="0">All Tests</stat>
</total>
<tag>
<stat pass="2" fail="0" skip="0">Smoke</stat>
</tag>
<suite>
<stat pass="2" fail="0" skip="0" id="s1" name="Signup">Signup</stat>
</suite>
</statistics>
<errors>
</errors>
</robot>
