<?xml version="1.0" encoding="UTF-8"?>
<robot generator="Robot 4.1.3 (Python 3.10.2 on win32)" generated="20220413 00:54:27.691" rpa="false" schemaversion="2">
<suite id="s1" name="Data Driven Login" source="D:\HaVietCuong_practice2_robot\testsuites\data_driven_login.robot">
<kw name="Open browser to login" library="keywords" type="SETUP">
<kw name="Open Browser" library="SeleniumLibrary">
<arg>${url_login}</arg>
<arg>${browser}</arg>
<doc>Opens a new browser instance to the optional ``url``.</doc>
<msg timestamp="20220413 00:54:28.650" level="INFO">Opening browser 'chrome' to base url 'https://www.phptravels.net/login'.</msg>
<status status="PASS" starttime="20220413 00:54:28.650" endtime="20220413 00:54:32.617"/>
</kw>
<kw name="Maximize Browser Window" library="SeleniumLibrary">
<doc>Maximizes current browser window.</doc>
<status status="PASS" starttime="20220413 00:54:32.618" endtime="20220413 00:54:32.740"/>
</kw>
<status status="PASS" starttime="20220413 00:54:28.650" endtime="20220413 00:54:32.741"/>
</kw>
<test id="s1-t1" name="login with exel data">
<kw name="Invalid login">
<arg>user@phptravels</arg>
<arg>demouser</arg>
<kw name="Input Email and Password" library="keywords">
<arg>${username}</arg>
<arg>${password}</arg>
<kw name="Input Text" library="SeleniumLibrary">
<arg>${txt_loginEmail}</arg>
<arg>${email}</arg>
<doc>Types the given ``text`` into the text field identified by ``locator``.</doc>
<msg timestamp="20220413 00:54:32.745" level="INFO">Typing text 'user@phptravels' into text field 'name:email'.</msg>
<status status="PASS" starttime="20220413 00:54:32.744" endtime="20220413 00:54:32.874"/>
</kw>
<kw name="Input Text" library="SeleniumLibrary">
<arg>${txt_loginPassword}</arg>
<arg>${password}</arg>
<doc>Types the given ``text`` into the text field identified by ``locator``.</doc>
<msg timestamp="20220413 00:54:32.875" level="INFO">Typing text 'demouser' into text field 'name:password'.</msg>
<status status="PASS" starttime="20220413 00:54:32.874" endtime="20220413 00:54:32.971"/>
</kw>
<status status="PASS" starttime="20220413 00:54:32.744" endtime="20220413 00:54:32.971"/>
</kw>
<kw name="Click login button" library="keywords">
<kw name="Click Element" library="SeleniumLibrary">
<arg>${btn_signInButton}</arg>
<doc>Click the element identified by ``locator``.</doc>
<msg timestamp="20220413 00:54:32.972" level="INFO">Clicking element 'xpath://body/div[1]/div[1]/div[2]/div[2]/div[1]/form[1]/div[3]/button[1]'.</msg>
<status status="PASS" starttime="20220413 00:54:32.971" endtime="20220413 00:54:35.094"/>
</kw>
<status status="PASS" starttime="20220413 00:54:32.971" endtime="20220413 00:54:35.095"/>
</kw>
<kw name="Login failed msg" library="keywords">
<kw name="Wait Until Page Contains" library="SeleniumLibrary">
<arg>Wrong credentials. try again!</arg>
<doc>Waits until ``text`` appears on the current page.</doc>
<status status="PASS" starttime="20220413 00:54:35.095" endtime="20220413 00:54:35.107"/>
</kw>
<status status="PASS" starttime="20220413 00:54:35.095" endtime="20220413 00:54:35.108"/>
</kw>
<status status="PASS" starttime="20220413 00:54:32.744" endtime="20220413 00:54:35.108"/>
</kw>
<status status="PASS" starttime="20220413 00:54:32.741" endtime="20220413 00:54:35.108"/>
</test>
<test id="s1-t2" name="login with exel data">
<kw name="Invalid login">
<arg>user@phptravels</arg>
<arg>demous</arg>
<kw name="Input Email and Password" library="keywords">
<arg>${username}</arg>
<arg>${password}</arg>
<kw name="Input Text" library="SeleniumLibrary">
<arg>${txt_loginEmail}</arg>
<arg>${email}</arg>
<doc>Types the given ``text`` into the text field identified by ``locator``.</doc>
<msg timestamp="20220413 00:54:35.113" level="INFO">Typing text 'user@phptravels' into text field 'name:email'.</msg>
<status status="PASS" starttime="20220413 00:54:35.112" endtime="20220413 00:54:35.187"/>
</kw>
<kw name="Input Text" library="SeleniumLibrary">
<arg>${txt_loginPassword}</arg>
<arg>${password}</arg>
<doc>Types the given ``text`` into the text field identified by ``locator``.</doc>
<msg timestamp="20220413 00:54:35.188" level="INFO">Typing text 'demous' into text field 'name:password'.</msg>
<status status="PASS" starttime="20220413 00:54:35.187" endtime="20220413 00:54:35.260"/>
</kw>
<status status="PASS" starttime="20220413 00:54:35.112" endtime="20220413 00:54:35.260"/>
</kw>
<kw name="Click login button" library="keywords">
<kw name="Click Element" library="SeleniumLibrary">
<arg>${btn_signInButton}</arg>
<doc>Click the element identified by ``locator``.</doc>
<msg timestamp="20220413 00:54:35.260" level="INFO">Clicking element 'xpath://body/div[1]/div[1]/div[2]/div[2]/div[1]/form[1]/div[3]/button[1]'.</msg>
<status status="PASS" starttime="20220413 00:54:35.260" endtime="20220413 00:54:36.883"/>
</kw>
<status status="PASS" starttime="20220413 00:54:35.260" endtime="20220413 00:54:36.883"/>
</kw>
<kw name="Login failed msg" library="keywords">
<kw name="Wait Until Page Contains" library="SeleniumLibrary">
<arg>Wrong credentials. try again!</arg>
<doc>Waits until ``text`` appears on the current page.</doc>
<status status="PASS" starttime="20220413 00:54:36.884" endtime="20220413 00:54:36.894"/>
</kw>
<status status="PASS" starttime="20220413 00:54:36.883" endtime="20220413 00:54:36.894"/>
</kw>
<status status="PASS" starttime="20220413 00:54:35.112" endtime="20220413 00:54:36.894"/>
</kw>
<status status="PASS" starttime="20220413 00:54:35.110" endtime="20220413 00:54:36.894"/>
</test>
<test id="s1-t3" name="login with exel data">
<kw name="Invalid login">
<arg>user@phptravels.com</arg>
<arg>demo</arg>
<kw name="Input Email and Password" library="keywords">
<arg>${username}</arg>
<arg>${password}</arg>
<kw name="Input Text" library="SeleniumLibrary">
<arg>${txt_loginEmail}</arg>
<arg>${email}</arg>
<doc>Types the given ``text`` into the text field identified by ``locator``.</doc>
<msg timestamp="20220413 00:54:36.898" level="INFO">Typing text 'user@phptravels.com' into text field 'name:email'.</msg>
<status status="PASS" starttime="20220413 00:54:36.898" endtime="20220413 00:54:36.992"/>
</kw>
<kw name="Input Text" library="SeleniumLibrary">
<arg>${txt_loginPassword}</arg>
<arg>${password}</arg>
<doc>Types the given ``text`` into the text field identified by ``locator``.</doc>
<msg timestamp="20220413 00:54:36.993" level="INFO">Typing text 'demo' into text field 'name:password'.</msg>
<status status="PASS" starttime="20220413 00:54:36.992" endtime="20220413 00:54:37.065"/>
</kw>
<status status="PASS" starttime="20220413 00:54:36.898" endtime="20220413 00:54:37.065"/>
</kw>
<kw name="Click login button" library="keywords">
<kw name="Click Element" library="SeleniumLibrary">
<arg>${btn_signInButton}</arg>
<doc>Click the element identified by ``locator``.</doc>
<msg timestamp="20220413 00:54:37.065" level="INFO">Clicking element 'xpath://body/div[1]/div[1]/div[2]/div[2]/div[1]/form[1]/div[3]/button[1]'.</msg>
<status status="PASS" starttime="20220413 00:54:37.065" endtime="20220413 00:54:38.699"/>
</kw>
<status status="PASS" starttime="20220413 00:54:37.065" endtime="20220413 00:54:38.700"/>
</kw>
<kw name="Login failed msg" library="keywords">
<kw name="Wait Until Page Contains" library="SeleniumLibrary">
<arg>Wrong credentials. try again!</arg>
<doc>Waits until ``text`` appears on the current page.</doc>
<status status="PASS" starttime="20220413 00:54:38.701" endtime="20220413 00:54:38.710"/>
</kw>
<status status="PASS" starttime="20220413 00:54:38.700" endtime="20220413 00:54:38.711"/>
</kw>
<status status="PASS" starttime="20220413 00:54:36.897" endtime="20220413 00:54:38.711"/>
</kw>
<status status="PASS" starttime="20220413 00:54:36.896" endtime="20220413 00:54:38.711"/>
</test>
<kw name="Close All Browsers" library="SeleniumLibrary" type="TEARDOWN">
<doc>Closes all open browsers and resets the browser cache.</doc>
<status status="PASS" starttime="20220413 00:54:38.713" endtime="20220413 00:54:40.956"/>
</kw>
<status status="PASS" starttime="20220413 00:54:27.693" endtime="20220413 00:54:40.956"/>
</suite>
<statistics>
<total>
<stat pass="3" fail="0" skip="0">All Tests</stat>
</total>
<tag>
</tag>
<suite>
<stat pass="3" fail="0" skip="0" id="s1" name="Data Driven Login">Data Driven Login</stat>
</suite>
</statistics>
<errors>
<msg timestamp="20220413 00:54:35.109" level="WARN">Multiple test cases with name 'login with exel data' executed in test suite 'Data Driven Login'.</msg>
<msg timestamp="20220413 00:54:36.895" level="WARN">Multiple test cases with name 'login with exel data' executed in test suite 'Data Driven Login'.</msg>
</errors>
</robot>
