<?xml version="1.0" encoding="UTF-8"?>
<robot generator="Robot 4.1.3 (Python 3.10.2 on win32)" generated="20220414 00:50:38.779" rpa="false" schemaversion="2">
<suite id="s1" name="Data Driven Login" source="D:\HaVietCuong_practice2_robot\tests\data_driven_login.robot">
<kw name="Open browser to login" library="POM_loginPage" type="SETUP">
<kw name="Open Browser" library="SeleniumLibrary">
<arg>${url_login}</arg>
<arg>${browser}</arg>
<doc>Opens a new browser instance to the optional ``url``.</doc>
<msg timestamp="20220414 00:50:39.594" level="INFO">Opening browser 'chrome' to base url 'https://www.phptravels.net/login'.</msg>
<status status="PASS" starttime="20220414 00:50:39.593" endtime="20220414 00:50:42.775"/>
</kw>
<kw name="Maximize Browser Window" library="SeleniumLibrary">
<doc>Maximizes current browser window.</doc>
<status status="PASS" starttime="20220414 00:50:42.776" endtime="20220414 00:50:42.893"/>
</kw>
<status status="PASS" starttime="20220414 00:50:39.593" endtime="20220414 00:50:42.894"/>
</kw>
<test id="s1-t1" name="login with exel data">
<kw name="Invalid login">
<arg>user@phptravels</arg>
<arg>demouser</arg>
<kw name="Input Email and Password" library="POM_loginPage">
<arg>${username}</arg>
<arg>${password}</arg>
<kw name="Input Text" library="SeleniumLibrary">
<arg>${txt_loginEmail}</arg>
<arg>${email}</arg>
<doc>Types the given ``text`` into the text field identified by ``locator``.</doc>
<msg timestamp="20220414 00:50:42.899" level="INFO">Typing text 'user@phptravels' into text field 'name:email'.</msg>
<status status="PASS" starttime="20220414 00:50:42.898" endtime="20220414 00:50:43.037"/>
</kw>
<kw name="Input Text" library="SeleniumLibrary">
<arg>${txt_loginPassword}</arg>
<arg>${password}</arg>
<doc>Types the given ``text`` into the text field identified by ``locator``.</doc>
<msg timestamp="20220414 00:50:43.038" level="INFO">Typing text 'demouser' into text field 'name:password'.</msg>
<status status="PASS" starttime="20220414 00:50:43.038" endtime="20220414 00:50:43.126"/>
</kw>
<status status="PASS" starttime="20220414 00:50:42.898" endtime="20220414 00:50:43.126"/>
</kw>
<kw name="verify Login failed" library="POM_loginPage">
<kw name="Click Element" library="SeleniumLibrary">
<arg>${btn_signInButton}</arg>
<doc>Click the element identified by ``locator``.</doc>
<msg timestamp="20220414 00:50:43.127" level="INFO">Clicking element 'xpath://body/div[1]/div[1]/div[2]/div[2]/div[1]/form[1]/div[3]/button[1]'.</msg>
<status status="PASS" starttime="20220414 00:50:43.127" endtime="20220414 00:50:44.807"/>
</kw>
<kw name="Wait Until Page Contains" library="SeleniumLibrary">
<arg>${login_msg_fail}</arg>
<doc>Waits until ``text`` appears on the current page.</doc>
<status status="PASS" starttime="20220414 00:50:44.807" endtime="20220414 00:50:44.818"/>
</kw>
<status status="PASS" starttime="20220414 00:50:43.127" endtime="20220414 00:50:44.818"/>
</kw>
<status status="PASS" starttime="20220414 00:50:42.897" endtime="20220414 00:50:44.819"/>
</kw>
<status status="PASS" starttime="20220414 00:50:42.894" endtime="20220414 00:50:44.819"/>
</test>
<test id="s1-t2" name="login with exel data">
<kw name="Invalid login">
<arg>user@phptravels</arg>
<arg>demous</arg>
<kw name="Input Email and Password" library="POM_loginPage">
<arg>${username}</arg>
<arg>${password}</arg>
<kw name="Input Text" library="SeleniumLibrary">
<arg>${txt_loginEmail}</arg>
<arg>${email}</arg>
<doc>Types the given ``text`` into the text field identified by ``locator``.</doc>
<msg timestamp="20220414 00:50:44.823" level="INFO">Typing text 'user@phptravels' into text field 'name:email'.</msg>
<status status="PASS" starttime="20220414 00:50:44.823" endtime="20220414 00:50:44.901"/>
</kw>
<kw name="Input Text" library="SeleniumLibrary">
<arg>${txt_loginPassword}</arg>
<arg>${password}</arg>
<doc>Types the given ``text`` into the text field identified by ``locator``.</doc>
<msg timestamp="20220414 00:50:44.901" level="INFO">Typing text 'demous' into text field 'name:password'.</msg>
<status status="PASS" starttime="20220414 00:50:44.901" endtime="20220414 00:50:44.974"/>
</kw>
<status status="PASS" starttime="20220414 00:50:44.822" endtime="20220414 00:50:44.974"/>
</kw>
<kw name="verify Login failed" library="POM_loginPage">
<kw name="Click Element" library="SeleniumLibrary">
<arg>${btn_signInButton}</arg>
<doc>Click the element identified by ``locator``.</doc>
<msg timestamp="20220414 00:50:44.975" level="INFO">Clicking element 'xpath://body/div[1]/div[1]/div[2]/div[2]/div[1]/form[1]/div[3]/button[1]'.</msg>
<status status="PASS" starttime="20220414 00:50:44.975" endtime="20220414 00:50:46.572"/>
</kw>
<kw name="Wait Until Page Contains" library="SeleniumLibrary">
<arg>${login_msg_fail}</arg>
<doc>Waits until ``text`` appears on the current page.</doc>
<status status="PASS" starttime="20220414 00:50:46.573" endtime="20220414 00:50:46.584"/>
</kw>
<status status="PASS" starttime="20220414 00:50:44.974" endtime="20220414 00:50:46.584"/>
</kw>
<status status="PASS" starttime="20220414 00:50:44.822" endtime="20220414 00:50:46.584"/>
</kw>
<status status="PASS" starttime="20220414 00:50:44.821" endtime="20220414 00:50:46.585"/>
</test>
<test id="s1-t3" name="login with exel data">
<kw name="Invalid login">
<arg>user@phptravels.com</arg>
<arg>demo</arg>
<kw name="Input Email and Password" library="POM_loginPage">
<arg>${username}</arg>
<arg>${password}</arg>
<kw name="Input Text" library="SeleniumLibrary">
<arg>${txt_loginEmail}</arg>
<arg>${email}</arg>
<doc>Types the given ``text`` into the text field identified by ``locator``.</doc>
<msg timestamp="20220414 00:50:46.589" level="INFO">Typing text 'user@phptravels.com' into text field 'name:email'.</msg>
<status status="PASS" starttime="20220414 00:50:46.588" endtime="20220414 00:50:46.677"/>
</kw>
<kw name="Input Text" library="SeleniumLibrary">
<arg>${txt_loginPassword}</arg>
<arg>${password}</arg>
<doc>Types the given ``text`` into the text field identified by ``locator``.</doc>
<msg timestamp="20220414 00:50:46.678" level="INFO">Typing text 'demo' into text field 'name:password'.</msg>
<status status="PASS" starttime="20220414 00:50:46.677" endtime="20220414 00:50:46.757"/>
</kw>
<status status="PASS" starttime="20220414 00:50:46.588" endtime="20220414 00:50:46.757"/>
</kw>
<kw name="verify Login failed" library="POM_loginPage">
<kw name="Click Element" library="SeleniumLibrary">
<arg>${btn_signInButton}</arg>
<doc>Click the element identified by ``locator``.</doc>
<msg timestamp="20220414 00:50:46.758" level="INFO">Clicking element 'xpath://body/div[1]/div[1]/div[2]/div[2]/div[1]/form[1]/div[3]/button[1]'.</msg>
<status status="PASS" starttime="20220414 00:50:46.758" endtime="20220414 00:50:48.349"/>
</kw>
<kw name="Wait Until Page Contains" library="SeleniumLibrary">
<arg>${login_msg_fail}</arg>
<doc>Waits until ``text`` appears on the current page.</doc>
<status status="PASS" starttime="20220414 00:50:48.349" endtime="20220414 00:50:48.360"/>
</kw>
<status status="PASS" starttime="20220414 00:50:46.757" endtime="20220414 00:50:48.360"/>
</kw>
<status status="PASS" starttime="20220414 00:50:46.587" endtime="20220414 00:50:48.360"/>
</kw>
<status status="PASS" starttime="20220414 00:50:46.586" endtime="20220414 00:50:48.361"/>
</test>
<kw name="Close All Browsers" library="SeleniumLibrary" type="TEARDOWN">
<doc>Closes all open browsers and resets the browser cache.</doc>
<status status="PASS" starttime="20220414 00:50:48.363" endtime="20220414 00:50:51.172"/>
</kw>
<status status="PASS" starttime="20220414 00:50:38.784" endtime="20220414 00:50:51.173"/>
</suite>
<statistics>
<total>
<stat pass="3" fail="0" skip="0">All Tests</stat>
</total>
<tag>
</tag>
<suite>
<stat pass="3" fail="0" skip="0" id="s1" name="Data Driven Login">Data Driven Login</stat>
</suite>
</statistics>
<errors>
<msg timestamp="20220414 00:50:44.820" level="WARN">Multiple test cases with name 'login with exel data' executed in test suite 'Data Driven Login'.</msg>
<msg timestamp="20220414 00:50:46.586" level="WARN">Multiple test cases with name 'login with exel data' executed in test suite 'Data Driven Login'.</msg>
</errors>
</robot>
